c:\workspace\astarvisualize\intermediate\x64\debug\clickdemo\vc143.pdb
c:\workspace\astarvisualize\intermediate\x64\debug\clickdemo\vc143.idb
c:\workspace\astarvisualize\intermediate\x64\debug\clickdemo\main.obj
c:\workspace\astarvisualize\intermediate\x64\debug\clickdemo\demolevel.obj
c:\workspace\astarvisualize\intermediate\x64\debug\clickdemo\astar.obj
c:\workspace\astarvisualize\intermediate\x64\debug\clickdemo\start.obj
c:\workspace\astarvisualize\intermediate\x64\debug\clickdemo\player.obj
c:\workspace\astarvisualize\intermediate\x64\debug\clickdemo\clickdemo.ilk
c:\workspace\astarvisualize\bin\x64\debug\clickdemo\clickdemo.pdb
c:\workspace\astarvisualize\intermediate\x64\debug\clickdemo\clickdemo.vcxproj.filelistabsolute.txt
c:\workspace\astarvisualize\intermediate\x64\debug\clickdemo\clickdemo.tlog\cl.command.1.tlog
c:\workspace\astarvisualize\intermediate\x64\debug\clickdemo\clickdemo.tlog\cl.items.tlog
c:\workspace\astarvisualize\intermediate\x64\debug\clickdemo\clickdemo.tlog\cl.read.1.tlog
c:\workspace\astarvisualize\intermediate\x64\debug\clickdemo\clickdemo.tlog\cl.write.1.tlog
c:\workspace\astarvisualize\intermediate\x64\debug\clickdemo\clickdemo.tlog\link.29884-cvtres.read.1.tlog
c:\workspace\astarvisualize\intermediate\x64\debug\clickdemo\clickdemo.tlog\link.29884-cvtres.write.1.tlog
c:\workspace\astarvisualize\intermediate\x64\debug\clickdemo\clickdemo.tlog\link.29884-rc.read.1.tlog
c:\workspace\astarvisualize\intermediate\x64\debug\clickdemo\clickdemo.tlog\link.29884-rc.write.1.tlog
c:\workspace\astarvisualize\intermediate\x64\debug\clickdemo\clickdemo.tlog\link.29884.read.1.tlog
c:\workspace\astarvisualize\intermediate\x64\debug\clickdemo\clickdemo.tlog\link.29884.read.2.tlog
c:\workspace\astarvisualize\intermediate\x64\debug\clickdemo\clickdemo.tlog\link.29884.read.3.tlog
c:\workspace\astarvisualize\intermediate\x64\debug\clickdemo\clickdemo.tlog\link.29884.read.4.tlog
c:\workspace\astarvisualize\intermediate\x64\debug\clickdemo\clickdemo.tlog\link.29884.write.1.tlog
c:\workspace\astarvisualize\intermediate\x64\debug\clickdemo\clickdemo.tlog\link.command.1.tlog
c:\workspace\astarvisualize\intermediate\x64\debug\clickdemo\clickdemo.tlog\link.read.1.tlog
c:\workspace\astarvisualize\intermediate\x64\debug\clickdemo\clickdemo.tlog\link.secondary.1.tlog
c:\workspace\astarvisualize\intermediate\x64\debug\clickdemo\clickdemo.tlog\link.write.1.tlog
